<?xml version="1.0" encoding="UTF-8"?>
<!-- Generated by org.testng.reporters.JUnitXMLReporter -->
<testsuite ignored="0" hostname="DESKTOP-CM623GF" failures="1" tests="5" name="Test1" time="164.572" errors="0" timestamp="2023-02-02T13:21:12 IST">
  <testcase classname="vidpitch.Login" name="test" time="2.135"/>
  <testcase classname="vidpitch.Videolisting" name="checkVideo" time="0.002">
    <failure type="java.lang.Error" message="Unresolved compilation problems: 
	By cannot be resolved
	By cannot be resolved
	By cannot be resolved
	By cannot be resolved
	By cannot be resolved
">
      <![CDATA[java.lang.Error: Unresolved compilation problems: 
By cannot be resolved
By cannot be resolved
By cannot be resolved
By cannot be resolved
By cannot be resolved

at vidpitch.Videolisting.checkVideo(Videolisting.java:10)
at java.base/java.util.ArrayList.forEach(ArrayList.java:1511)
at java.base/java.util.concurrent.FutureTask.run(FutureTask.java:317)
at java.base/java.util.concurrent.ThreadPoolExecutor.runWorker(ThreadPoolExecutor.java:1144)
at java.base/java.util.concurrent.ThreadPoolExecutor$Worker.run(ThreadPoolExecutor.java:642)
at java.base/java.lang.Thread.run(Thread.java:1589)
... Removed 16 stack frames]]>
    </failure>
  </testcase> <!-- checkVideo -->
  <testcase classname="vidpitch.CheckGIFC" name="checkVideo" time="5.431"/>
  <testcase classname="vidpitch.ModifyVideo" name="modify" time="106.428"/>
  <testcase classname="vidpitch.PurchaseVideo" name="modify" time="15.46"/>
</testsuite> <!-- Test1 -->
