<?xml version="1.0" encoding="UTF-8"?>
<!-- Generated by org.testng.reporters.JUnitXMLReporter -->
<testsuite ignored="0" hostname="DESKTOP-CM623GF" failures="1" tests="5" name="Test" time="64.717" errors="0" timestamp="2023-01-24T18:04:52 IST">
  <testcase classname="Vipitch.LoginF" name="test" time="1.537"/>
  <testcase classname="Vipitch.VideolistingF" name="checkVideo" time="9.384"/>
  <testcase classname="Vipitch.CheckGIFF" name="checkVideo" time="1.377"/>
  <testcase classname="Vipitch.ModifyVideoF" name="modify" time="1.057">
    <failure type="org.openqa.selenium.ElementNotInteractableException" message="Element &amp;lt;img class=&amp;quot;template-img&amp;quot; src=&amp;quot;https://vidpitch-dev.s3.ap-south-1.amazonaws.com/project_templates/VIDTECH_VIDEO_BLUE_03/segments/1.png&amp;quot;&amp;gt; could not be scrolled into view
Build info: version: &amp;apos;4.6.0&amp;apos;, revision: &amp;apos;79f1c02ae20&amp;apos;
System info: os.name: &amp;apos;Windows 10&amp;apos;, os.arch: &amp;apos;amd64&amp;apos;, os.version: &amp;apos;10.0&amp;apos;, java.version: &amp;apos;19&amp;apos;
Driver info: org.openqa.selenium.firefox.FirefoxDriver
Command: [571e6e82-34ce-4834-a320-fe7dad7f45f4, clickElement {id=dae4b9a3-a25e-4f63-a724-98810e34eaad}]
Capabilities {acceptInsecureCerts: true, browserName: firefox, browserVersion: 109.0, moz:accessibilityChecks: false, moz:buildID: 20230112150232, moz:debuggerAddress: 127.0.0.1:33096, moz:geckodriverVersion: 0.32.0, moz:headless: false, moz:platformVersion: 10.0, moz:processID: 31032, moz:profile: C:\Users\47BILL~1\AppData\L..., moz:shutdownTimeout: 60000, moz:useNonSpecCompliantPointerOrigin: false, moz:webdriverClick: true, moz:windowless: false, pageLoadStrategy: normal, platformName: WINDOWS, proxy: Proxy(), se:cdp: ws://127.0.0.1:33096/devtoo..., se:cdpVersion: 85.0, setWindowRect: true, strictFileInteractability: false, timeouts: {implicit: 0, pageLoad: 300000, script: 30000}, unhandledPromptBehavior: dismiss and notify}
Element: [[FirefoxDriver: firefox on WINDOWS (571e6e82-34ce-4834-a320-fe7dad7f45f4)] -&amp;gt; xpath: //div[3]/button/img]
Session ID: 571e6e82-34ce-4834-a320-fe7dad7f45f4">
      <![CDATA[org.openqa.selenium.ElementNotInteractableException: Element <img class="template-img" src="https://vidpitch-dev.s3.ap-south-1.amazonaws.com/project_templates/VIDTECH_VIDEO_BLUE_03/segments/1.png"> could not be scrolled into view
Build info: version: '4.6.0', revision: '79f1c02ae20'
System info: os.name: 'Windows 10', os.arch: 'amd64', os.version: '10.0', java.version: '19'
Driver info: org.openqa.selenium.firefox.FirefoxDriver
Command: [571e6e82-34ce-4834-a320-fe7dad7f45f4, clickElement {id=dae4b9a3-a25e-4f63-a724-98810e34eaad}]
Capabilities {acceptInsecureCerts: true, browserName: firefox, browserVersion: 109.0, moz:accessibilityChecks: false, moz:buildID: 20230112150232, moz:debuggerAddress: 127.0.0.1:33096, moz:geckodriverVersion: 0.32.0, moz:headless: false, moz:platformVersion: 10.0, moz:processID: 31032, moz:profile: C:\Users\47BILL~1\AppData\L..., moz:shutdownTimeout: 60000, moz:useNonSpecCompliantPointerOrigin: false, moz:webdriverClick: true, moz:windowless: false, pageLoadStrategy: normal, platformName: WINDOWS, proxy: Proxy(), se:cdp: ws://127.0.0.1:33096/devtoo..., se:cdpVersion: 85.0, setWindowRect: true, strictFileInteractability: false, timeouts: {implicit: 0, pageLoad: 300000, script: 30000}, unhandledPromptBehavior: dismiss and notify}
Element: [[FirefoxDriver: firefox on WINDOWS (571e6e82-34ce-4834-a320-fe7dad7f45f4)] -> xpath: //div[3]/button/img]
Session ID: 571e6e82-34ce-4834-a320-fe7dad7f45f4
at org.openqa.selenium.remote.codec.w3c.W3CHttpResponseCodec.createException(W3CHttpResponseCodec.java:200)
at org.openqa.selenium.remote.codec.w3c.W3CHttpResponseCodec.decode(W3CHttpResponseCodec.java:133)
at org.openqa.selenium.remote.codec.w3c.W3CHttpResponseCodec.decode(W3CHttpResponseCodec.java:53)
at org.openqa.selenium.remote.HttpCommandExecutor.execute(HttpCommandExecutor.java:184)
at org.openqa.selenium.remote.service.DriverCommandExecutor.invokeExecute(DriverCommandExecutor.java:167)
at org.openqa.selenium.remote.service.DriverCommandExecutor.execute(DriverCommandExecutor.java:142)
at org.openqa.selenium.remote.RemoteWebDriver.execute(RemoteWebDriver.java:541)
at org.openqa.selenium.remote.RemoteWebElement.execute(RemoteWebElement.java:257)
at org.openqa.selenium.remote.RemoteWebElement.click(RemoteWebElement.java:78)
at Vipitch.ModifyVideoF.modify(ModifyVideoF.java:24)
at java.base/java.util.ArrayList.forEach(ArrayList.java:1511)
at java.base/java.util.concurrent.FutureTask.run(FutureTask.java:317)
at java.base/java.util.concurrent.ThreadPoolExecutor.runWorker(ThreadPoolExecutor.java:1144)
at java.base/java.util.concurrent.ThreadPoolExecutor$Worker.run(ThreadPoolExecutor.java:642)
at java.base/java.lang.Thread.run(Thread.java:1589)
... Removed 19 stack frames]]>
    </failure>
  </testcase> <!-- modify -->
  <testcase classname="Vipitch.PurchaseVideoF" name="modify" time="6.257"/>
</testsuite> <!-- Test -->
