<?xml version="1.0" encoding="UTF-8"?>
<!-- Generated by org.testng.reporters.JUnitXMLReporter -->
<testsuite ignored="0" hostname="DESKTOP-CM623GF" failures="0" tests="1" name="Test" time="0.072" errors="0" timestamp="2023-02-06T13:11:52 IST">
  <testcase classname="vidpitch.Setup" name="@BeforeMethod setup" time="-1.675669311979E9">
    <failure type="org.testng.TestNGException" message="
Parameter &amp;apos;browserName&amp;apos; is required by BeforeMethod on method setup but has not been marked @Optional or defined
in C:\Users\47Billion\eclipse-workspace\Vipitch\testngdebug.xml">
      <![CDATA[org.testng.TestNGException: 
Parameter 'browserName' is required by BeforeMethod on method setup but has not been marked @Optional or defined
in C:\Users\47Billion\eclipse-workspace\Vipitch\testngdebug.xml
at java.base/java.util.ArrayList.forEach(ArrayList.java:1511)
... Removed 28 stack frames]]>
    </failure>
  </testcase> <!-- @BeforeMethod setup -->
  <testcase classname="vidpitch.Setup" name="@AfterMethod tearDown" time="-1.675669312003E9">
    <skipped/>
  </testcase> <!-- @AfterMethod tearDown -->
  <testcase classname="vidpitch.PurchaseVideo" name="purchaseg" time="0.0">
    <skipped/>
  </testcase> <!-- purchaseg -->
</testsuite> <!-- Test -->
