<?xml version="1.0" encoding="UTF-8"?>
<testng-results ignored="0" total="1" passed="1" failed="0" skipped="0">
  <reporter-output>
  </reporter-output>
  <suite started-at="2023-01-18T08:28:21Z" name="Suite" finished-at="2023-01-18T08:28:28Z" duration-ms="6885">
    <groups>
    </groups>
    <test started-at="2023-01-18T08:28:21Z" name="Test" finished-at="2023-01-18T08:28:28Z" duration-ms="6885">
      <class name="Vipitch.Setup">
        <test-method is-config="true" signature="setUpVideomsLogin()[pri:0, instance:Vipitch.Setup@6d7fc27]" started-at="2023-01-18T08:28:21Z" name="setUpVideomsLogin" finished-at="2023-01-18T08:28:28Z" duration-ms="6605" status="PASS">
          <reporter-output>
          </reporter-output>
        </test-method> <!-- setUpVideomsLogin -->
        <test-method signature="test()[pri:0, instance:Vipitch.Setup@6d7fc27]" started-at="2023-01-18T08:28:28Z" name="test" finished-at="2023-01-18T08:28:28Z" duration-ms="3" status="PASS">
          <reporter-output>
          </reporter-output>
        </test-method> <!-- test -->
        <test-method is-config="true" signature="tearDown()[pri:0, instance:Vipitch.Setup@6d7fc27]" started-at="2023-01-18T08:28:28Z" name="tearDown" finished-at="2023-01-18T08:28:28Z" duration-ms="252" status="PASS">
          <reporter-output>
          </reporter-output>
        </test-method> <!-- tearDown -->
      </class> <!-- Vipitch.Setup -->
    </test> <!-- Test -->
  </suite> <!-- Suite -->
</testng-results>
