<?xml version="1.0" encoding="UTF-8"?>
<testng-results ignored="0" total="12" passed="11" failed="1" skipped="0">
  <reporter-output>
  </reporter-output>
  <suite started-at="2023-02-01T18:35:47 IST" name="Suite" finished-at="2023-02-01T18:41:58 IST" duration-ms="371639">
    <groups>
    </groups>
    <test started-at="2023-02-01T18:35:47 IST" name="Test" finished-at="2023-02-01T18:39:20 IST" duration-ms="213060">
      <class name="vidpitch.DownloadVideoF">
        <test-method is-config="true" signature="setup(java.lang.String)[pri:0, instance:vidpitch.DownloadVideoF@26adfd2d]" started-at="2023-02-01T18:38:48 IST" name="setup" finished-at="2023-02-01T18:38:59 IST" duration-ms="10314" status="PASS">
          <params>
            <param index="0">
              <value>
                <![CDATA[firefox]]>
              </value>
            </param>
          </params>
          <reporter-output>
          </reporter-output>
        </test-method> <!-- setup -->
        <test-method signature="DownloadVideo()[pri:0, instance:vidpitch.DownloadVideoF@26adfd2d]" started-at="2023-02-01T18:38:59 IST" name="DownloadVideo" finished-at="2023-02-01T18:39:19 IST" duration-ms="20055" status="PASS">
          <reporter-output>
          </reporter-output>
        </test-method> <!-- DownloadVideo -->
        <test-method is-config="true" signature="tearDown()[pri:0, instance:vidpitch.DownloadVideoF@26adfd2d]" started-at="2023-02-01T18:39:19 IST" name="tearDown" finished-at="2023-02-01T18:39:20 IST" duration-ms="1146" status="PASS">
          <reporter-output>
          </reporter-output>
        </test-method> <!-- tearDown -->
      </class> <!-- vidpitch.DownloadVideoF -->
      <class name="vidpitch.ModifyVideoF">
        <test-method is-config="true" signature="setup(java.lang.String)[pri:0, instance:vidpitch.ModifyVideoF@2bec854f]" started-at="2023-02-01T18:36:38 IST" name="setup" finished-at="2023-02-01T18:36:47 IST" duration-ms="8771" status="PASS">
          <params>
            <param index="0">
              <value>
                <![CDATA[firefox]]>
              </value>
            </param>
          </params>
          <reporter-output>
          </reporter-output>
        </test-method> <!-- setup -->
        <test-method signature="modify()[pri:0, instance:vidpitch.ModifyVideoF@2bec854f]" started-at="2023-02-01T18:36:47 IST" name="modify" finished-at="2023-02-01T18:38:27 IST" duration-ms="100228" status="PASS">
          <reporter-output>
          </reporter-output>
        </test-method> <!-- modify -->
        <test-method is-config="true" signature="tearDown()[pri:0, instance:vidpitch.ModifyVideoF@2bec854f]" started-at="2023-02-01T18:38:27 IST" name="tearDown" finished-at="2023-02-01T18:38:29 IST" duration-ms="1348" status="PASS">
          <reporter-output>
          </reporter-output>
        </test-method> <!-- tearDown -->
      </class> <!-- vidpitch.ModifyVideoF -->
      <class name="vidpitch.VideolistingF">
        <test-method is-config="true" signature="setup(java.lang.String)[pri:0, instance:vidpitch.VideolistingF@15a04efb]" started-at="2023-02-01T18:36:02 IST" name="setup" finished-at="2023-02-01T18:36:11 IST" duration-ms="9370" status="PASS">
          <params>
            <param index="0">
              <value>
                <![CDATA[firefox]]>
              </value>
            </param>
          </params>
          <reporter-output>
          </reporter-output>
        </test-method> <!-- setup -->
        <test-method signature="checkVideo()[pri:0, instance:vidpitch.VideolistingF@15a04efb]" started-at="2023-02-01T18:36:11 IST" name="checkVideo" finished-at="2023-02-01T18:36:21 IST" duration-ms="9569" status="PASS">
          <reporter-output>
          </reporter-output>
        </test-method> <!-- checkVideo -->
        <test-method is-config="true" signature="tearDown()[pri:0, instance:vidpitch.VideolistingF@15a04efb]" started-at="2023-02-01T18:36:21 IST" name="tearDown" finished-at="2023-02-01T18:36:23 IST" duration-ms="2126" status="PASS">
          <reporter-output>
          </reporter-output>
        </test-method> <!-- tearDown -->
      </class> <!-- vidpitch.VideolistingF -->
      <class name="vidpitch.PurchaseVideoF">
        <test-method is-config="true" signature="setup(java.lang.String)[pri:0, instance:vidpitch.PurchaseVideoF@31edaa7d]" started-at="2023-02-01T18:38:29 IST" name="setup" finished-at="2023-02-01T18:38:38 IST" duration-ms="8838" status="PASS">
          <params>
            <param index="0">
              <value>
                <![CDATA[firefox]]>
              </value>
            </param>
          </params>
          <reporter-output>
          </reporter-output>
        </test-method> <!-- setup -->
        <test-method signature="modify()[pri:0, instance:vidpitch.PurchaseVideoF@31edaa7d]" started-at="2023-02-01T18:38:38 IST" name="modify" finished-at="2023-02-01T18:38:47 IST" duration-ms="9583" status="PASS">
          <reporter-output>
          </reporter-output>
        </test-method> <!-- modify -->
        <test-method is-config="true" signature="tearDown()[pri:0, instance:vidpitch.PurchaseVideoF@31edaa7d]" started-at="2023-02-01T18:38:47 IST" name="tearDown" finished-at="2023-02-01T18:38:48 IST" duration-ms="1037" status="PASS">
          <reporter-output>
          </reporter-output>
        </test-method> <!-- tearDown -->
      </class> <!-- vidpitch.PurchaseVideoF -->
      <class name="vidpitch.LoginF">
        <test-method is-config="true" signature="setup(java.lang.String)[pri:0, instance:vidpitch.LoginF@1890516e]" started-at="2023-02-01T18:35:47 IST" name="setup" finished-at="2023-02-01T18:35:59 IST" duration-ms="11720" status="PASS">
          <params>
            <param index="0">
              <value>
                <![CDATA[firefox]]>
              </value>
            </param>
          </params>
          <reporter-output>
          </reporter-output>
        </test-method> <!-- setup -->
        <test-method signature="test()[pri:0, instance:vidpitch.LoginF@1890516e]" started-at="2023-02-01T18:35:59 IST" name="test" finished-at="2023-02-01T18:36:00 IST" duration-ms="1470" status="PASS">
          <reporter-output>
          </reporter-output>
        </test-method> <!-- test -->
        <test-method is-config="true" signature="tearDown()[pri:0, instance:vidpitch.LoginF@1890516e]" started-at="2023-02-01T18:36:00 IST" name="tearDown" finished-at="2023-02-01T18:36:02 IST" duration-ms="1940" status="PASS">
          <reporter-output>
          </reporter-output>
        </test-method> <!-- tearDown -->
      </class> <!-- vidpitch.LoginF -->
      <class name="vidpitch.CheckGIFF">
        <test-method is-config="true" signature="setup(java.lang.String)[pri:0, instance:vidpitch.CheckGIFF@16c069df]" started-at="2023-02-01T18:36:23 IST" name="setup" finished-at="2023-02-01T18:36:35 IST" duration-ms="12435" status="PASS">
          <params>
            <param index="0">
              <value>
                <![CDATA[firefox]]>
              </value>
            </param>
          </params>
          <reporter-output>
          </reporter-output>
        </test-method> <!-- setup -->
        <test-method signature="checkVideo()[pri:0, instance:vidpitch.CheckGIFF@16c069df]" started-at="2023-02-01T18:36:35 IST" name="checkVideo" finished-at="2023-02-01T18:36:37 IST" duration-ms="1791" status="PASS">
          <reporter-output>
          </reporter-output>
        </test-method> <!-- checkVideo -->
        <test-method is-config="true" signature="tearDown()[pri:0, instance:vidpitch.CheckGIFF@16c069df]" started-at="2023-02-01T18:36:37 IST" name="tearDown" finished-at="2023-02-01T18:36:38 IST" duration-ms="1242" status="PASS">
          <reporter-output>
          </reporter-output>
        </test-method> <!-- tearDown -->
      </class> <!-- vidpitch.CheckGIFF -->
    </test> <!-- Test -->
    <test started-at="2023-02-01T18:35:47 IST" name="Test1" finished-at="2023-02-01T18:41:58 IST" duration-ms="371639">
      <class name="vidpitch.PurchaseVideo">
        <test-method is-config="true" signature="setup(java.lang.String)[pri:0, instance:vidpitch.PurchaseVideo@3576ddc2]" started-at="2023-02-01T18:38:08 IST" name="setup" finished-at="2023-02-01T18:38:13 IST" duration-ms="4572" status="PASS">
          <params>
            <param index="0">
              <value>
                <![CDATA[chrome]]>
              </value>
            </param>
          </params>
          <reporter-output>
          </reporter-output>
        </test-method> <!-- setup -->
        <test-method signature="modify()[pri:0, instance:vidpitch.PurchaseVideo@3576ddc2]" started-at="2023-02-01T18:38:13 IST" name="modify" finished-at="2023-02-01T18:38:27 IST" duration-ms="14020" status="PASS">
          <reporter-output>
          </reporter-output>
        </test-method> <!-- modify -->
        <test-method is-config="true" signature="tearDown()[pri:0, instance:vidpitch.PurchaseVideo@3576ddc2]" started-at="2023-02-01T18:38:27 IST" name="tearDown" finished-at="2023-02-01T18:38:27 IST" duration-ms="412" status="PASS">
          <reporter-output>
          </reporter-output>
        </test-method> <!-- tearDown -->
      </class> <!-- vidpitch.PurchaseVideo -->
      <class name="vidpitch.DownloadVideoG">
        <test-method is-config="true" signature="setup(java.lang.String)[pri:0, instance:vidpitch.DownloadVideoG@35b74c5c]" started-at="2023-02-01T18:38:27 IST" name="setup" finished-at="2023-02-01T18:38:33 IST" duration-ms="5891" status="PASS">
          <params>
            <param index="0">
              <value>
                <![CDATA[chrome]]>
              </value>
            </param>
          </params>
          <reporter-output>
          </reporter-output>
        </test-method> <!-- setup -->
        <test-method signature="DownloadVideo()[pri:0, instance:vidpitch.DownloadVideoG@35b74c5c]" started-at="2023-02-01T18:38:33 IST" name="DownloadVideo" finished-at="2023-02-01T18:41:33 IST" duration-ms="180011" status="FAIL">
          <exception class="org.openqa.selenium.TimeoutException">
            <message>
              <![CDATA[java.util.concurrent.TimeoutException
Build info: version: '4.6.0', revision: '79f1c02ae20'
System info: os.name: 'Windows 10', os.arch: 'amd64', os.version: '10.0', java.version: '19'
Driver info: org.openqa.selenium.chrome.ChromeDriver
Command: [3d8637361bcd29dabd665ff154d391b0, get {url=https://www.mailinator.com/}]
Capabilities {acceptInsecureCerts: false, browserName: chrome, browserVersion: 109.0.5414.74, chrome: {chromedriverVersion: 108.0.5359.71 (1e0e3868ee06..., userDataDir: C:\Users\47BILL~1\AppData\L...}, goog:chromeOptions: {debuggerAddress: localhost:55560}, networkConnectionEnabled: false, pageLoadStrategy: normal, platformName: WINDOWS, proxy: Proxy(), se:cdp: ws://localhost:55560/devtoo..., se:cdpVersion: 109.0.5414.74, setWindowRect: true, strictFileInteractability: false, timeouts: {implicit: 0, pageLoad: 300000, script: 30000}, unhandledPromptBehavior: dismiss and notify, webauthn:extension:credBlob: true, webauthn:extension:largeBlob: true, webauthn:virtualAuthenticators: true}
Session ID: 3d8637361bcd29dabd665ff154d391b0]]>
            </message>
            <full-stacktrace>
              <![CDATA[org.openqa.selenium.TimeoutException: java.util.concurrent.TimeoutException
Build info: version: '4.6.0', revision: '79f1c02ae20'
System info: os.name: 'Windows 10', os.arch: 'amd64', os.version: '10.0', java.version: '19'
Driver info: org.openqa.selenium.chrome.ChromeDriver
Command: [3d8637361bcd29dabd665ff154d391b0, get {url=https://www.mailinator.com/}]
Capabilities {acceptInsecureCerts: false, browserName: chrome, browserVersion: 109.0.5414.74, chrome: {chromedriverVersion: 108.0.5359.71 (1e0e3868ee06..., userDataDir: C:\Users\47BILL~1\AppData\L...}, goog:chromeOptions: {debuggerAddress: localhost:55560}, networkConnectionEnabled: false, pageLoadStrategy: normal, platformName: WINDOWS, proxy: Proxy(), se:cdp: ws://localhost:55560/devtoo..., se:cdpVersion: 109.0.5414.74, setWindowRect: true, strictFileInteractability: false, timeouts: {implicit: 0, pageLoad: 300000, script: 30000}, unhandledPromptBehavior: dismiss and notify, webauthn:extension:credBlob: true, webauthn:extension:largeBlob: true, webauthn:virtualAuthenticators: true}
Session ID: 3d8637361bcd29dabd665ff154d391b0
at org.openqa.selenium.remote.http.netty.NettyHttpHandler.makeCall(NettyHttpHandler.java:65)
at org.openqa.selenium.remote.http.AddSeleniumUserAgent.lambda$apply$0(AddSeleniumUserAgent.java:42)
at org.openqa.selenium.remote.http.Filter.lambda$andFinally$1(Filter.java:56)
at org.openqa.selenium.remote.http.netty.NettyHttpHandler.execute(NettyHttpHandler.java:49)
at org.openqa.selenium.remote.http.AddSeleniumUserAgent.lambda$apply$0(AddSeleniumUserAgent.java:42)
at org.openqa.selenium.remote.http.Filter.lambda$andFinally$1(Filter.java:56)
at org.openqa.selenium.remote.http.netty.NettyClient.execute(NettyClient.java:99)
at org.openqa.selenium.remote.HttpCommandExecutor.execute(HttpCommandExecutor.java:181)
at org.openqa.selenium.remote.service.DriverCommandExecutor.invokeExecute(DriverCommandExecutor.java:167)
at org.openqa.selenium.remote.service.DriverCommandExecutor.execute(DriverCommandExecutor.java:142)
at org.openqa.selenium.remote.RemoteWebDriver.execute(RemoteWebDriver.java:541)
at org.openqa.selenium.remote.RemoteWebDriver.get(RemoteWebDriver.java:310)
at org.openqa.selenium.remote.RemoteWebDriver$RemoteNavigation.to(RemoteWebDriver.java:981)
at vidpitch.DownloadVideoG.DownloadVideo(DownloadVideoG.java:21)
at java.base/jdk.internal.reflect.DirectMethodHandleAccessor.invoke(DirectMethodHandleAccessor.java:104)
at java.base/java.lang.reflect.Method.invoke(Method.java:578)
at org.testng.internal.MethodInvocationHelper.invokeMethod(MethodInvocationHelper.java:133)
at org.testng.internal.TestInvoker.invokeMethod(TestInvoker.java:598)
at org.testng.internal.TestInvoker.invokeTestMethod(TestInvoker.java:173)
at org.testng.internal.MethodRunner.runInSequence(MethodRunner.java:46)
at org.testng.internal.TestInvoker$MethodInvocationAgent.invoke(TestInvoker.java:824)
at org.testng.internal.TestInvoker.invokeTestMethods(TestInvoker.java:146)
at org.testng.internal.TestMethodWorker.invokeTestMethods(TestMethodWorker.java:146)
at org.testng.internal.TestMethodWorker.run(TestMethodWorker.java:128)
at java.base/java.util.ArrayList.forEach(ArrayList.java:1511)
at org.testng.TestRunner.privateRun(TestRunner.java:794)
at org.testng.TestRunner.run(TestRunner.java:596)
at org.testng.SuiteRunner.runTest(SuiteRunner.java:377)
at org.testng.SuiteRunner.access$000(SuiteRunner.java:28)
at org.testng.SuiteRunner$SuiteWorker.run(SuiteRunner.java:418)
at org.testng.internal.thread.ThreadUtil.lambda$execute$0(ThreadUtil.java:64)
at java.base/java.util.concurrent.FutureTask.run(FutureTask.java:317)
at java.base/java.util.concurrent.ThreadPoolExecutor.runWorker(ThreadPoolExecutor.java:1144)
at java.base/java.util.concurrent.ThreadPoolExecutor$Worker.run(ThreadPoolExecutor.java:642)
at java.base/java.lang.Thread.run(Thread.java:1589)
Caused by: java.util.concurrent.TimeoutException
at java.base/java.util.concurrent.CompletableFuture.timedGet(CompletableFuture.java:1960)
at java.base/java.util.concurrent.CompletableFuture.get(CompletableFuture.java:2095)
at org.asynchttpclient.netty.NettyResponseFuture.get(NettyResponseFuture.java:206)
at org.openqa.selenium.remote.http.netty.NettyHttpHandler.makeCall(NettyHttpHandler.java:59)
... 34 more
]]>
            </full-stacktrace>
          </exception> <!-- org.openqa.selenium.TimeoutException -->
          <reporter-output>
          </reporter-output>
        </test-method> <!-- DownloadVideo -->
        <test-method is-config="true" signature="tearDown()[pri:0, instance:vidpitch.DownloadVideoG@35b74c5c]" started-at="2023-02-01T18:41:33 IST" name="tearDown" finished-at="2023-02-01T18:41:58 IST" duration-ms="25046" status="FAIL">
          <exception class="org.openqa.selenium.WebDriverException">
            <message>
              <![CDATA[Timed out waiting for driver server to stop.
Build info: version: '4.6.0', revision: '79f1c02ae20'
System info: os.name: 'Windows 10', os.arch: 'amd64', os.version: '10.0', java.version: '19'
Driver info: org.openqa.selenium.chrome.ChromeDriver
Command: [3d8637361bcd29dabd665ff154d391b0, quit {}]
Capabilities {acceptInsecureCerts: false, browserName: chrome, browserVersion: 109.0.5414.74, chrome: {chromedriverVersion: 108.0.5359.71 (1e0e3868ee06..., userDataDir: C:\Users\47BILL~1\AppData\L...}, goog:chromeOptions: {debuggerAddress: localhost:55560}, networkConnectionEnabled: false, pageLoadStrategy: normal, platformName: WINDOWS, proxy: Proxy(), se:cdp: ws://localhost:55560/devtoo..., se:cdpVersion: 109.0.5414.74, setWindowRect: true, strictFileInteractability: false, timeouts: {implicit: 0, pageLoad: 300000, script: 30000}, unhandledPromptBehavior: dismiss and notify, webauthn:extension:credBlob: true, webauthn:extension:largeBlob: true, webauthn:virtualAuthenticators: true}
Session ID: 3d8637361bcd29dabd665ff154d391b0]]>
            </message>
            <full-stacktrace>
              <![CDATA[org.openqa.selenium.WebDriverException: Timed out waiting for driver server to stop.
Build info: version: '4.6.0', revision: '79f1c02ae20'
System info: os.name: 'Windows 10', os.arch: 'amd64', os.version: '10.0', java.version: '19'
Driver info: org.openqa.selenium.chrome.ChromeDriver
Command: [3d8637361bcd29dabd665ff154d391b0, quit {}]
Capabilities {acceptInsecureCerts: false, browserName: chrome, browserVersion: 109.0.5414.74, chrome: {chromedriverVersion: 108.0.5359.71 (1e0e3868ee06..., userDataDir: C:\Users\47BILL~1\AppData\L...}, goog:chromeOptions: {debuggerAddress: localhost:55560}, networkConnectionEnabled: false, pageLoadStrategy: normal, platformName: WINDOWS, proxy: Proxy(), se:cdp: ws://localhost:55560/devtoo..., se:cdpVersion: 109.0.5414.74, setWindowRect: true, strictFileInteractability: false, timeouts: {implicit: 0, pageLoad: 300000, script: 30000}, unhandledPromptBehavior: dismiss and notify, webauthn:extension:credBlob: true, webauthn:extension:largeBlob: true, webauthn:virtualAuthenticators: true}
Session ID: 3d8637361bcd29dabd665ff154d391b0
at org.openqa.selenium.remote.service.DriverCommandExecutor.execute(DriverCommandExecutor.java:132)
at org.openqa.selenium.remote.RemoteWebDriver.execute(RemoteWebDriver.java:541)
at org.openqa.selenium.remote.RemoteWebDriver.execute(RemoteWebDriver.java:596)
at org.openqa.selenium.remote.RemoteWebDriver.execute(RemoteWebDriver.java:600)
at org.openqa.selenium.remote.RemoteWebDriver.quit(RemoteWebDriver.java:443)
at org.openqa.selenium.chromium.ChromiumDriver.quit(ChromiumDriver.java:280)
at vidpitch.Setup.tearDown(Setup.java:67)
at java.base/jdk.internal.reflect.DirectMethodHandleAccessor.invoke(DirectMethodHandleAccessor.java:104)
at java.base/java.lang.reflect.Method.invoke(Method.java:578)
at org.testng.internal.MethodInvocationHelper.invokeMethod(MethodInvocationHelper.java:133)
at org.testng.internal.MethodInvocationHelper.invokeMethodConsideringTimeout(MethodInvocationHelper.java:62)
at org.testng.internal.ConfigInvoker.invokeConfigurationMethod(ConfigInvoker.java:385)
at org.testng.internal.ConfigInvoker.invokeConfigurations(ConfigInvoker.java:321)
at org.testng.internal.TestInvoker.runConfigMethods(TestInvoker.java:700)
at org.testng.internal.TestInvoker.runAfterGroupsConfigurations(TestInvoker.java:676)
at org.testng.internal.TestInvoker.invokeMethod(TestInvoker.java:660)
at org.testng.internal.TestInvoker.invokeTestMethod(TestInvoker.java:173)
at org.testng.internal.MethodRunner.runInSequence(MethodRunner.java:46)
at org.testng.internal.TestInvoker$MethodInvocationAgent.invoke(TestInvoker.java:824)
at org.testng.internal.TestInvoker.invokeTestMethods(TestInvoker.java:146)
at org.testng.internal.TestMethodWorker.invokeTestMethods(TestMethodWorker.java:146)
at org.testng.internal.TestMethodWorker.run(TestMethodWorker.java:128)
at java.base/java.util.ArrayList.forEach(ArrayList.java:1511)
at org.testng.TestRunner.privateRun(TestRunner.java:794)
at org.testng.TestRunner.run(TestRunner.java:596)
at org.testng.SuiteRunner.runTest(SuiteRunner.java:377)
at org.testng.SuiteRunner.access$000(SuiteRunner.java:28)
at org.testng.SuiteRunner$SuiteWorker.run(SuiteRunner.java:418)
at org.testng.internal.thread.ThreadUtil.lambda$execute$0(ThreadUtil.java:64)
at java.base/java.util.concurrent.FutureTask.run(FutureTask.java:317)
at java.base/java.util.concurrent.ThreadPoolExecutor.runWorker(ThreadPoolExecutor.java:1144)
at java.base/java.util.concurrent.ThreadPoolExecutor$Worker.run(ThreadPoolExecutor.java:642)
at java.base/java.lang.Thread.run(Thread.java:1589)
Caused by: java.util.concurrent.ExecutionException: org.openqa.selenium.TimeoutException: Process timed out after waiting for 20000 ms.
Build info: version: '4.6.0', revision: '79f1c02ae20'
System info: os.name: 'Windows 10', os.arch: 'amd64', os.version: '10.0', java.version: '19'
Driver info: driver.version: unknown
at java.base/java.util.concurrent.CompletableFuture.reportGet(CompletableFuture.java:396)
at java.base/java.util.concurrent.CompletableFuture.get(CompletableFuture.java:2096)
at org.openqa.selenium.remote.service.DriverCommandExecutor.execute(DriverCommandExecutor.java:128)
... 32 more
Caused by: org.openqa.selenium.TimeoutException: Process timed out after waiting for 20000 ms.
Build info: version: '4.6.0', revision: '79f1c02ae20'
System info: os.name: 'Windows 10', os.arch: 'amd64', os.version: '10.0', java.version: '19'
Driver info: driver.version: unknown
at org.openqa.selenium.os.OsProcess.waitFor(OsProcess.java:174)
at org.openqa.selenium.os.CommandLine.waitFor(CommandLine.java:114)
at org.openqa.selenium.remote.service.DriverCommandExecutor.lambda$execute$2(DriverCommandExecutor.java:122)
at java.base/java.util.concurrent.CompletableFuture$AsyncSupply.run(CompletableFuture.java:1768)
... 3 more
]]>
            </full-stacktrace>
          </exception> <!-- org.openqa.selenium.WebDriverException -->
          <reporter-output>
          </reporter-output>
        </test-method> <!-- tearDown -->
      </class> <!-- vidpitch.DownloadVideoG -->
      <class name="vidpitch.Login">
        <test-method is-config="true" signature="setup(java.lang.String)[pri:0, instance:vidpitch.Login@64b0598]" started-at="2023-02-01T18:35:47 IST" name="setup" finished-at="2023-02-01T18:35:55 IST" duration-ms="7690" status="PASS">
          <params>
            <param index="0">
              <value>
                <![CDATA[chrome]]>
              </value>
            </param>
          </params>
          <reporter-output>
          </reporter-output>
        </test-method> <!-- setup -->
        <test-method signature="test()[pri:0, instance:vidpitch.Login@64b0598]" started-at="2023-02-01T18:35:55 IST" name="test" finished-at="2023-02-01T18:35:56 IST" duration-ms="1405" status="PASS">
          <reporter-output>
          </reporter-output>
        </test-method> <!-- test -->
        <test-method is-config="true" signature="tearDown()[pri:0, instance:vidpitch.Login@64b0598]" started-at="2023-02-01T18:35:56 IST" name="tearDown" finished-at="2023-02-01T18:35:56 IST" duration-ms="317" status="PASS">
          <reporter-output>
          </reporter-output>
        </test-method> <!-- tearDown -->
      </class> <!-- vidpitch.Login -->
      <class name="vidpitch.Videolisting">
        <test-method is-config="true" signature="setup(java.lang.String)[pri:0, instance:vidpitch.Videolisting@33f676f6]" started-at="2023-02-01T18:35:56 IST" name="setup" finished-at="2023-02-01T18:36:02 IST" duration-ms="5614" status="PASS">
          <params>
            <param index="0">
              <value>
                <![CDATA[chrome]]>
              </value>
            </param>
          </params>
          <reporter-output>
          </reporter-output>
        </test-method> <!-- setup -->
        <test-method signature="checkVideo()[pri:0, instance:vidpitch.Videolisting@33f676f6]" started-at="2023-02-01T18:36:02 IST" name="checkVideo" finished-at="2023-02-01T18:36:12 IST" duration-ms="9772" status="PASS">
          <reporter-output>
          </reporter-output>
        </test-method> <!-- checkVideo -->
        <test-method is-config="true" signature="tearDown()[pri:0, instance:vidpitch.Videolisting@33f676f6]" started-at="2023-02-01T18:36:12 IST" name="tearDown" finished-at="2023-02-01T18:36:13 IST" duration-ms="1178" status="PASS">
          <reporter-output>
          </reporter-output>
        </test-method> <!-- tearDown -->
      </class> <!-- vidpitch.Videolisting -->
      <class name="vidpitch.ModifyVideo">
        <test-method is-config="true" signature="setup(java.lang.String)[pri:0, instance:vidpitch.ModifyVideo@264f218]" started-at="2023-02-01T18:36:21 IST" name="setup" finished-at="2023-02-01T18:36:27 IST" duration-ms="5754" status="PASS">
          <params>
            <param index="0">
              <value>
                <![CDATA[chrome]]>
              </value>
            </param>
          </params>
          <reporter-output>
          </reporter-output>
        </test-method> <!-- setup -->
        <test-method signature="modify()[pri:0, instance:vidpitch.ModifyVideo@264f218]" started-at="2023-02-01T18:36:27 IST" name="modify" finished-at="2023-02-01T18:38:08 IST" duration-ms="100868" status="PASS">
          <reporter-output>
          </reporter-output>
        </test-method> <!-- modify -->
        <test-method is-config="true" signature="tearDown()[pri:0, instance:vidpitch.ModifyVideo@264f218]" started-at="2023-02-01T18:38:08 IST" name="tearDown" finished-at="2023-02-01T18:38:08 IST" duration-ms="439" status="PASS">
          <reporter-output>
          </reporter-output>
        </test-method> <!-- tearDown -->
      </class> <!-- vidpitch.ModifyVideo -->
      <class name="vidpitch.CheckGIFC">
        <test-method is-config="true" signature="setup(java.lang.String)[pri:0, instance:vidpitch.CheckGIFC@4c5ae43b]" started-at="2023-02-01T18:36:13 IST" name="setup" finished-at="2023-02-01T18:36:18 IST" duration-ms="5536" status="PASS">
          <params>
            <param index="0">
              <value>
                <![CDATA[chrome]]>
              </value>
            </param>
          </params>
          <reporter-output>
          </reporter-output>
        </test-method> <!-- setup -->
        <test-method signature="checkVideo()[pri:0, instance:vidpitch.CheckGIFC@4c5ae43b]" started-at="2023-02-01T18:36:18 IST" name="checkVideo" finished-at="2023-02-01T18:36:21 IST" duration-ms="2395" status="PASS">
          <reporter-output>
          </reporter-output>
        </test-method> <!-- checkVideo -->
        <test-method is-config="true" signature="tearDown()[pri:0, instance:vidpitch.CheckGIFC@4c5ae43b]" started-at="2023-02-01T18:36:21 IST" name="tearDown" finished-at="2023-02-01T18:36:21 IST" duration-ms="631" status="PASS">
          <reporter-output>
          </reporter-output>
        </test-method> <!-- tearDown -->
      </class> <!-- vidpitch.CheckGIFC -->
    </test> <!-- Test1 -->
  </suite> <!-- Suite -->
</testng-results>
