<?xml version="1.0" encoding="UTF-8"?>
<testng-results ignored="0" total="11" passed="10" failed="1" skipped="0">
  <reporter-output>
  </reporter-output>
  <suite started-at="2023-02-02T13:18:27 IST" name="Suite" finished-at="2023-02-02T13:22:18 IST" duration-ms="231348">
    <groups>
    </groups>
    <test started-at="2023-02-02T13:18:27 IST" name="Test1" finished-at="2023-02-02T13:21:11 IST" duration-ms="164572">
      <class name="vidpitch.PurchaseVideo">
        <test-method is-config="true" signature="setup(java.lang.String)[pri:0, instance:vidpitch.PurchaseVideo@4c5ae43b]" started-at="2023-02-02T13:20:49 IST" name="setup" finished-at="2023-02-02T13:20:54 IST" duration-ms="5075" status="PASS">
          <params>
            <param index="0">
              <value>
                <![CDATA[chrome]]>
              </value>
            </param>
          </params>
          <reporter-output>
          </reporter-output>
        </test-method> <!-- setup -->
        <test-method signature="modify()[pri:0, instance:vidpitch.PurchaseVideo@4c5ae43b]" started-at="2023-02-02T13:20:54 IST" name="modify" finished-at="2023-02-02T13:21:10 IST" duration-ms="15460" status="PASS">
          <reporter-output>
          </reporter-output>
        </test-method> <!-- modify -->
        <test-method is-config="true" signature="tearDown()[pri:0, instance:vidpitch.PurchaseVideo@4c5ae43b]" started-at="2023-02-02T13:21:10 IST" name="tearDown" finished-at="2023-02-02T13:21:11 IST" duration-ms="1663" status="PASS">
          <reporter-output>
          </reporter-output>
        </test-method> <!-- tearDown -->
      </class> <!-- vidpitch.PurchaseVideo -->
      <class name="vidpitch.Login">
        <test-method is-config="true" signature="setup(java.lang.String)[pri:0, instance:vidpitch.Login@24105dc5]" started-at="2023-02-02T13:18:27 IST" name="setup" finished-at="2023-02-02T13:18:36 IST" duration-ms="9021" status="PASS">
          <params>
            <param index="0">
              <value>
                <![CDATA[chrome]]>
              </value>
            </param>
          </params>
          <reporter-output>
          </reporter-output>
        </test-method> <!-- setup -->
        <test-method signature="test()[pri:0, instance:vidpitch.Login@24105dc5]" started-at="2023-02-02T13:18:36 IST" name="test" finished-at="2023-02-02T13:18:38 IST" duration-ms="2135" status="PASS">
          <reporter-output>
          </reporter-output>
        </test-method> <!-- test -->
        <test-method is-config="true" signature="tearDown()[pri:0, instance:vidpitch.Login@24105dc5]" started-at="2023-02-02T13:18:38 IST" name="tearDown" finished-at="2023-02-02T13:18:39 IST" duration-ms="489" status="PASS">
          <reporter-output>
          </reporter-output>
        </test-method> <!-- tearDown -->
      </class> <!-- vidpitch.Login -->
      <class name="vidpitch.Videolisting">
        <test-method is-config="true" signature="setup(java.lang.String)[pri:0, instance:vidpitch.Videolisting@3cce57c7]" started-at="2023-02-02T13:18:39 IST" name="setup" finished-at="2023-02-02T13:18:44 IST" duration-ms="5750" status="PASS">
          <params>
            <param index="0">
              <value>
                <![CDATA[chrome]]>
              </value>
            </param>
          </params>
          <reporter-output>
          </reporter-output>
        </test-method> <!-- setup -->
        <test-method signature="checkVideo()[pri:0, instance:vidpitch.Videolisting@3cce57c7]" started-at="2023-02-02T13:18:44 IST" name="checkVideo" finished-at="2023-02-02T13:18:44 IST" duration-ms="2" status="FAIL">
          <exception class="java.lang.Error">
            <message>
              <![CDATA[Unresolved compilation problems: 
By cannot be resolved
By cannot be resolved
By cannot be resolved
By cannot be resolved
By cannot be resolved
]]>
            </message>
            <full-stacktrace>
              <![CDATA[java.lang.Error: Unresolved compilation problems: 
By cannot be resolved
By cannot be resolved
By cannot be resolved
By cannot be resolved
By cannot be resolved

at vidpitch.Videolisting.checkVideo(Videolisting.java:10)
at java.base/jdk.internal.reflect.DirectMethodHandleAccessor.invoke(DirectMethodHandleAccessor.java:104)
at java.base/java.lang.reflect.Method.invoke(Method.java:578)
at org.testng.internal.MethodInvocationHelper.invokeMethod(MethodInvocationHelper.java:133)
at org.testng.internal.TestInvoker.invokeMethod(TestInvoker.java:598)
at org.testng.internal.TestInvoker.invokeTestMethod(TestInvoker.java:173)
at org.testng.internal.MethodRunner.runInSequence(MethodRunner.java:46)
at org.testng.internal.TestInvoker$MethodInvocationAgent.invoke(TestInvoker.java:824)
at org.testng.internal.TestInvoker.invokeTestMethods(TestInvoker.java:146)
at org.testng.internal.TestMethodWorker.invokeTestMethods(TestMethodWorker.java:146)
at org.testng.internal.TestMethodWorker.run(TestMethodWorker.java:128)
at java.base/java.util.ArrayList.forEach(ArrayList.java:1511)
at org.testng.TestRunner.privateRun(TestRunner.java:794)
at org.testng.TestRunner.run(TestRunner.java:596)
at org.testng.SuiteRunner.runTest(SuiteRunner.java:377)
at org.testng.SuiteRunner.access$000(SuiteRunner.java:28)
at org.testng.SuiteRunner$SuiteWorker.run(SuiteRunner.java:418)
at org.testng.internal.thread.ThreadUtil.lambda$execute$0(ThreadUtil.java:64)
at java.base/java.util.concurrent.FutureTask.run(FutureTask.java:317)
at java.base/java.util.concurrent.ThreadPoolExecutor.runWorker(ThreadPoolExecutor.java:1144)
at java.base/java.util.concurrent.ThreadPoolExecutor$Worker.run(ThreadPoolExecutor.java:642)
at java.base/java.lang.Thread.run(Thread.java:1589)
]]>
            </full-stacktrace>
          </exception> <!-- java.lang.Error -->
          <reporter-output>
          </reporter-output>
        </test-method> <!-- checkVideo -->
        <test-method is-config="true" signature="tearDown()[pri:0, instance:vidpitch.Videolisting@3cce57c7]" started-at="2023-02-02T13:18:44 IST" name="tearDown" finished-at="2023-02-02T13:18:45 IST" duration-ms="319" status="PASS">
          <reporter-output>
          </reporter-output>
        </test-method> <!-- tearDown -->
      </class> <!-- vidpitch.Videolisting -->
      <class name="vidpitch.CheckGIFC">
        <test-method is-config="true" signature="setup(java.lang.String)[pri:0, instance:vidpitch.CheckGIFC@1cf56a1c]" started-at="2023-02-02T13:18:45 IST" name="setup" finished-at="2023-02-02T13:18:51 IST" duration-ms="6506" status="PASS">
          <params>
            <param index="0">
              <value>
                <![CDATA[chrome]]>
              </value>
            </param>
          </params>
          <reporter-output>
          </reporter-output>
        </test-method> <!-- setup -->
        <test-method signature="checkVideo()[pri:0, instance:vidpitch.CheckGIFC@1cf56a1c]" started-at="2023-02-02T13:18:51 IST" name="checkVideo" finished-at="2023-02-02T13:18:57 IST" duration-ms="5431" status="PASS">
          <reporter-output>
          </reporter-output>
        </test-method> <!-- checkVideo -->
        <test-method is-config="true" signature="tearDown()[pri:0, instance:vidpitch.CheckGIFC@1cf56a1c]" started-at="2023-02-02T13:18:57 IST" name="tearDown" finished-at="2023-02-02T13:18:57 IST" duration-ms="499" status="PASS">
          <reporter-output>
          </reporter-output>
        </test-method> <!-- tearDown -->
      </class> <!-- vidpitch.CheckGIFC -->
      <class name="vidpitch.ModifyVideo">
        <test-method is-config="true" signature="setup(java.lang.String)[pri:0, instance:vidpitch.ModifyVideo@33f676f6]" started-at="2023-02-02T13:18:57 IST" name="setup" finished-at="2023-02-02T13:19:02 IST" duration-ms="5367" status="PASS">
          <params>
            <param index="0">
              <value>
                <![CDATA[chrome]]>
              </value>
            </param>
          </params>
          <reporter-output>
          </reporter-output>
        </test-method> <!-- setup -->
        <test-method signature="modify()[pri:0, instance:vidpitch.ModifyVideo@33f676f6]" started-at="2023-02-02T13:19:02 IST" name="modify" finished-at="2023-02-02T13:20:49 IST" duration-ms="106428" status="PASS">
          <reporter-output>
          </reporter-output>
        </test-method> <!-- modify -->
        <test-method is-config="true" signature="tearDown()[pri:0, instance:vidpitch.ModifyVideo@33f676f6]" started-at="2023-02-02T13:20:49 IST" name="tearDown" finished-at="2023-02-02T13:20:49 IST" duration-ms="344" status="PASS">
          <reporter-output>
          </reporter-output>
        </test-method> <!-- tearDown -->
      </class> <!-- vidpitch.ModifyVideo -->
    </test> <!-- Test1 -->
    <test started-at="2023-02-02T13:18:27 IST" name="Test" finished-at="2023-02-02T13:22:18 IST" duration-ms="231348">
      <class name="vidpitch.DownloadVideoF">
        <test-method is-config="true" signature="setup(java.lang.String)[pri:0, instance:vidpitch.DownloadVideoF@2bec854f]" started-at="2023-02-02T13:21:46 IST" name="setup" finished-at="2023-02-02T13:21:59 IST" duration-ms="12355" status="PASS">
          <params>
            <param index="0">
              <value>
                <![CDATA[firefox]]>
              </value>
            </param>
          </params>
          <reporter-output>
          </reporter-output>
        </test-method> <!-- setup -->
        <test-method signature="DownloadVideo()[pri:0, instance:vidpitch.DownloadVideoF@2bec854f]" started-at="2023-02-02T13:21:59 IST" name="DownloadVideo" finished-at="2023-02-02T13:22:17 IST" duration-ms="18478" status="PASS">
          <reporter-output>
          </reporter-output>
        </test-method> <!-- DownloadVideo -->
        <test-method is-config="true" signature="tearDown()[pri:0, instance:vidpitch.DownloadVideoF@2bec854f]" started-at="2023-02-02T13:22:17 IST" name="tearDown" finished-at="2023-02-02T13:22:18 IST" duration-ms="965" status="PASS">
          <reporter-output>
          </reporter-output>
        </test-method> <!-- tearDown -->
      </class> <!-- vidpitch.DownloadVideoF -->
      <class name="vidpitch.ModifyVideoF">
        <test-method is-config="true" signature="setup(java.lang.String)[pri:0, instance:vidpitch.ModifyVideoF@15a04efb]" started-at="2023-02-02T13:19:30 IST" name="setup" finished-at="2023-02-02T13:19:39 IST" duration-ms="8152" status="PASS">
          <params>
            <param index="0">
              <value>
                <![CDATA[firefox]]>
              </value>
            </param>
          </params>
          <reporter-output>
          </reporter-output>
        </test-method> <!-- setup -->
        <test-method signature="modify()[pri:0, instance:vidpitch.ModifyVideoF@15a04efb]" started-at="2023-02-02T13:19:39 IST" name="modify" finished-at="2023-02-02T13:21:24 IST" duration-ms="104988" status="PASS">
          <reporter-output>
          </reporter-output>
        </test-method> <!-- modify -->
        <test-method is-config="true" signature="tearDown()[pri:0, instance:vidpitch.ModifyVideoF@15a04efb]" started-at="2023-02-02T13:21:24 IST" name="tearDown" finished-at="2023-02-02T13:21:24 IST" duration-ms="855" status="PASS">
          <reporter-output>
          </reporter-output>
        </test-method> <!-- tearDown -->
      </class> <!-- vidpitch.ModifyVideoF -->
      <class name="vidpitch.VideolistingF">
        <test-method is-config="true" signature="setup(java.lang.String)[pri:0, instance:vidpitch.VideolistingF@7ba8c737]" started-at="2023-02-02T13:18:44 IST" name="setup" finished-at="2023-02-02T13:18:56 IST" duration-ms="12241" status="PASS">
          <params>
            <param index="0">
              <value>
                <![CDATA[firefox]]>
              </value>
            </param>
          </params>
          <reporter-output>
          </reporter-output>
        </test-method> <!-- setup -->
        <test-method signature="checkVideo()[pri:0, instance:vidpitch.VideolistingF@7ba8c737]" started-at="2023-02-02T13:18:56 IST" name="checkVideo" finished-at="2023-02-02T13:19:06 IST" duration-ms="10038" status="PASS">
          <reporter-output>
          </reporter-output>
        </test-method> <!-- checkVideo -->
        <test-method is-config="true" signature="tearDown()[pri:0, instance:vidpitch.VideolistingF@7ba8c737]" started-at="2023-02-02T13:19:06 IST" name="tearDown" finished-at="2023-02-02T13:19:13 IST" duration-ms="6982" status="PASS">
          <reporter-output>
          </reporter-output>
        </test-method> <!-- tearDown -->
      </class> <!-- vidpitch.VideolistingF -->
      <class name="vidpitch.PurchaseVideoF">
        <test-method is-config="true" signature="setup(java.lang.String)[pri:0, instance:vidpitch.PurchaseVideoF@16c069df]" started-at="2023-02-02T13:21:24 IST" name="setup" finished-at="2023-02-02T13:21:34 IST" duration-ms="10007" status="PASS">
          <params>
            <param index="0">
              <value>
                <![CDATA[firefox]]>
              </value>
            </param>
          </params>
          <reporter-output>
          </reporter-output>
        </test-method> <!-- setup -->
        <test-method signature="modify()[pri:0, instance:vidpitch.PurchaseVideoF@16c069df]" started-at="2023-02-02T13:21:34 IST" name="modify" finished-at="2023-02-02T13:21:46 IST" duration-ms="11213" status="PASS">
          <reporter-output>
          </reporter-output>
        </test-method> <!-- modify -->
        <test-method is-config="true" signature="tearDown()[pri:0, instance:vidpitch.PurchaseVideoF@16c069df]" started-at="2023-02-02T13:21:46 IST" name="tearDown" finished-at="2023-02-02T13:21:46 IST" duration-ms="759" status="PASS">
          <reporter-output>
          </reporter-output>
        </test-method> <!-- tearDown -->
      </class> <!-- vidpitch.PurchaseVideoF -->
      <class name="vidpitch.LoginF">
        <test-method is-config="true" signature="setup(java.lang.String)[pri:0, instance:vidpitch.LoginF@cd1e646]" started-at="2023-02-02T13:18:27 IST" name="setup" finished-at="2023-02-02T13:18:41 IST" duration-ms="14521" status="PASS">
          <params>
            <param index="0">
              <value>
                <![CDATA[firefox]]>
              </value>
            </param>
          </params>
          <reporter-output>
          </reporter-output>
        </test-method> <!-- setup -->
        <test-method signature="test()[pri:0, instance:vidpitch.LoginF@cd1e646]" started-at="2023-02-02T13:18:41 IST" name="test" finished-at="2023-02-02T13:18:43 IST" duration-ms="1241" status="PASS">
          <reporter-output>
          </reporter-output>
        </test-method> <!-- test -->
        <test-method is-config="true" signature="tearDown()[pri:0, instance:vidpitch.LoginF@cd1e646]" started-at="2023-02-02T13:18:43 IST" name="tearDown" finished-at="2023-02-02T13:18:44 IST" duration-ms="1431" status="PASS">
          <reporter-output>
          </reporter-output>
        </test-method> <!-- tearDown -->
      </class> <!-- vidpitch.LoginF -->
      <class name="vidpitch.CheckGIFF">
        <test-method is-config="true" signature="setup(java.lang.String)[pri:0, instance:vidpitch.CheckGIFF@1890516e]" started-at="2023-02-02T13:19:13 IST" name="setup" finished-at="2023-02-02T13:19:27 IST" duration-ms="13213" status="PASS">
          <params>
            <param index="0">
              <value>
                <![CDATA[firefox]]>
              </value>
            </param>
          </params>
          <reporter-output>
          </reporter-output>
        </test-method> <!-- setup -->
        <test-method signature="checkVideo()[pri:0, instance:vidpitch.CheckGIFF@1890516e]" started-at="2023-02-02T13:19:27 IST" name="checkVideo" finished-at="2023-02-02T13:19:29 IST" duration-ms="2168" status="PASS">
          <reporter-output>
          </reporter-output>
        </test-method> <!-- checkVideo -->
        <test-method is-config="true" signature="tearDown()[pri:0, instance:vidpitch.CheckGIFF@1890516e]" started-at="2023-02-02T13:19:29 IST" name="tearDown" finished-at="2023-02-02T13:19:30 IST" duration-ms="1677" status="PASS">
          <reporter-output>
          </reporter-output>
        </test-method> <!-- tearDown -->
      </class> <!-- vidpitch.CheckGIFF -->
    </test> <!-- Test -->
  </suite> <!-- Suite -->
</testng-results>
